0 silly argv {
0 silly argv   _: [ 'version' ],
0 silly argv   lernaVersion: '4.0.0',
0 silly argv   '$0': '/Users/andrey/www/evotor/@evo/frontend-linters/node_modules/.bin/lerna',
0 silly argv   bump: 'patch'
0 silly argv }
1 notice cli v4.0.0
2 verbose rootPath /Users/andrey/www/evotor/@evo/frontend-linters
3 info versioning independent
4 silly isAnythingCommitted
5 verbose isAnythingCommitted 1
6 silly getCurrentBranch
7 verbose currentBranch release/test
8 silly remoteBranchExists
9 silly isBehindUpstream
10 silly isBehindUpstream release/test is behind origin/release/test by 0 commit(s) and ahead by 0
11 silly hasTags
12 verbose hasTags true
13 silly git-describe.sync "8e6f9c2" => {"refCount":"5","sha":"8e6f9c2","isDirty":false}
14 info Assuming all packages changed
15 verbose updated @evo/eslint-config-ng-templates
16 verbose updated @evo/eslint-config-ng
17 verbose updated @evo/stylelint
18 verbose git-describe undefined => "8e6f9c2"
19 silly git-describe parsed => {"refCount":"5","sha":"8e6f9c2","isDirty":false}
20 info execute Skipping releases
21 silly lifecycle No script for "preversion" in "evo-frontend-linters", continuing
22 silly lifecycle No script for "preversion" in "@evo/eslint-config-ng-templates", continuing
23 silly lifecycle No script for "preversion" in "@evo/eslint-config-ng", continuing
24 silly lifecycle No script for "preversion" in "@evo/stylelint", continuing
25 silly lifecycle No script for "version" in "@evo/eslint-config-ng", continuing
26 silly independent for @evo/eslint-config-ng at /Users/andrey/www/evotor/@evo/frontend-linters/packages/eslint-config-ng
27 verbose getChangelogConfig using preset "conventional-changelog-angular"
28 silly npa Result {
28 silly npa   type: 'tag',
28 silly npa   registry: true,
28 silly npa   where: undefined,
28 silly npa   raw: 'conventional-changelog-angular',
28 silly npa   name: 'conventional-changelog-angular',
28 silly npa   escapedName: 'conventional-changelog-angular',
28 silly npa   scope: undefined,
28 silly npa   rawSpec: '',
28 silly npa   saveSpec: null,
28 silly npa   fetchSpec: 'latest',
28 silly npa   gitRange: undefined,
28 silly npa   gitCommittish: undefined,
28 silly npa   hosted: undefined
28 silly npa }
29 verbose getChangelogConfig Attempting to resolve preset "conventional-changelog-angular"
30 info getChangelogConfig Successfully resolved preset "conventional-changelog-angular"
31 silly lifecycle No script for "version" in "@evo/eslint-config-ng-templates", continuing
32 silly independent for @evo/eslint-config-ng-templates at /Users/andrey/www/evotor/@evo/frontend-linters/packages/eslint-config-ng-templates
33 silly lifecycle No script for "version" in "@evo/stylelint", continuing
34 silly independent for @evo/stylelint at /Users/andrey/www/evotor/@evo/frontend-linters/packages/stylelint
35 silly independent writing new entry: "## 0.0.6 (2022-03-30)\n\n\n### Features\n\n* introduce linters config packages ([45cf341](https://github.com/evotor/evo-frontend-linters/commit/45cf341cbe22ae1d79d781fbf133714a00f61cfd))\n\n\n\n"
36 silly independent writing new entry: "## 0.0.2 (2022-03-30)\n\n\n### Features\n\n* introduce linters config packages ([45cf341](https://github.com/evotor/evo-frontend-linters/commit/45cf341cbe22ae1d79d781fbf133714a00f61cfd))\n\n\n\n"
37 verbose independent wrote /Users/andrey/www/evotor/@evo/frontend-linters/packages/eslint-config-ng/CHANGELOG.md
38 silly independent writing new entry: "## 0.0.2 (2022-03-30)\n\n\n### Features\n\n* introduce linters config packages ([45cf341](https://github.com/evotor/evo-frontend-linters/commit/45cf341cbe22ae1d79d781fbf133714a00f61cfd))\n\n\n\n"
39 verbose independent wrote /Users/andrey/www/evotor/@evo/frontend-linters/packages/eslint-config-ng-templates/CHANGELOG.md
40 verbose independent wrote /Users/andrey/www/evotor/@evo/frontend-linters/packages/stylelint/CHANGELOG.md
41 silly lifecycle No script for "version" in "evo-frontend-linters", continuing
42 silly gitAdd [
42 silly gitAdd   'packages/eslint-config-ng/package.json',
42 silly gitAdd   'packages/eslint-config-ng-templates/package.json',
42 silly gitAdd   'packages/stylelint/package.json',
42 silly gitAdd   'packages/eslint-config-ng/CHANGELOG.md',
42 silly gitAdd   'packages/eslint-config-ng-templates/CHANGELOG.md',
42 silly gitAdd   'packages/stylelint/CHANGELOG.md'
42 silly gitAdd ]
43 silly gitCommit chore(release): publish %s
43 silly gitCommit
43 silly gitCommit  - @evo/eslint-config-ng-templates@0.0.2
43 silly gitCommit  - @evo/eslint-config-ng@0.0.6
43 silly gitCommit  - @evo/stylelint@0.0.2
44 verbose git [
44 verbose git   'commit',
44 verbose git   '-F',
44 verbose git   '/private/var/folders/ds/s9vyngqs7k3bw7b2h9pkk5qr0000gn/T/875c01ba-c122-4303-8b12-ed034e3ba414/lerna-commit.txt'
44 verbose git ]
45 silly gitTag @evo/eslint-config-ng-templates@0.0.2
46 verbose git [
46 verbose git   'tag',
46 verbose git   '@evo/eslint-config-ng-templates@0.0.2',
46 verbose git   '-m',
46 verbose git   '@evo/eslint-config-ng-templates@0.0.2'
46 verbose git ]
47 silly gitTag @evo/eslint-config-ng@0.0.6
48 verbose git [
48 verbose git   'tag',
48 verbose git   '@evo/eslint-config-ng@0.0.6',
48 verbose git   '-m',
48 verbose git   '@evo/eslint-config-ng@0.0.6'
48 verbose git ]
49 silly gitTag @evo/stylelint@0.0.2
50 verbose git [ 'tag', '@evo/stylelint@0.0.2', '-m', '@evo/stylelint@0.0.2' ]
51 error Error: Command failed with exit code 128: git tag @evo/eslint-config-ng-templates@0.0.2 -m @evo/eslint-config-ng-templates@0.0.2
51 error fatal: tag '@evo/eslint-config-ng-templates@0.0.2' already exists
51 error     at makeError (/Users/andrey/www/evotor/@evo/frontend-linters/node_modules/execa/lib/error.js:60:11)
51 error     at handlePromise (/Users/andrey/www/evotor/@evo/frontend-linters/node_modules/execa/index.js:118:26)
51 error     at processTicksAndRejections (node:internal/process/task_queues:96:5)
51 error     at async Promise.all (index 0)
51 error     at async Promise.all (index 0)
